<?xml version="1.0" encoding="UTF-8"?>
<!-- Generated by org.testng.reporters.JUnitReportReporter -->
<testsuite skipped="0" hostname="DESKTOP-RJEDM94" name="com.mindtree.pageobjects.LoginPage" tests="5" failures="0" timestamp="2021-11-20T17:53:52 IST" time="28.294" errors="0">
  <testcase name="RegisterWith_InvalidEmail" time="5.809" classname="com.mindtree.pageobjects.LoginPage"/>
  <system-out/>
  <testcase name="RegisterWith_InvalidEmail" time="5.943" classname="com.mindtree.pageobjects.LoginPage"/>
  <system-out/>
  <testcase name="RegisterWith_InvalidEmail" time="5.936" classname="com.mindtree.pageobjects.LoginPage"/>
  <system-out/>
  <testcase name="loginWithEmptyDetails" time="4.285" classname="com.mindtree.pageobjects.LoginPage"/>
  <system-out/>
  <testcase name="loginWithUserRegisteredDetails" time="6.321" classname="com.mindtree.pageobjects.LoginPage"/>
  <system-out/>
</testsuite> <!-- com.mindtree.pageobjects.LoginPage -->
